Checking space requirement for ARTEX information...Artex first pass reporting size=  2201916
Gathering  ARTEX information... Artex Log file.
2011-12-07-08:04:35: Command - /usr/sbin/artexset -q -c -R /etc/security/artex/config/master_profile.xml
2011-12-07-08:04:35: UID - 0
2011-12-08-11:24:34: Command - /usr/sbin/artexset -q -c -R /etc/security/artex/config/master_profile.xml
2011-12-08-11:24:34: UID - 0
2011-12-08-14:07:22: Command - /usr/sbin/artexset -q -c -R /etc/security/artex/config/master_profile.xml
2011-12-08-14:07:22: UID - 0
2011-12-09-15:35:16: Command - /usr/sbin/artexset -q -c -R /etc/security/artex/config/master_profile.xml
2011-12-09-15:35:16: UID - 0
2011-12-12-15:55:13: Command - /usr/sbin/artexset -q -c -R /etc/security/artex/config/master_profile.xml
2011-12-12-15:55:13: UID - 0
2011-12-19-11:23:06: Command - /usr/sbin/artexset -q -c -R /etc/security/artex/config/master_profile.xml
2011-12-19-11:23:06: UID - 0
2011-12-19-12:46:09: Command - /usr/sbin/artexset -c -R -l reboot /etc/security/artex/config/master_profile.xml
2011-12-19-12:46:09: UID - 0
2011-12-19-12:57:36: Command - /usr/sbin/artexset -q -c -R /etc/security/artex/config/master_profile.xml
2011-12-19-12:57:36: UID - 0
2011-12-20-15:31:03: Command - /usr/sbin/artexset -c -R -l reboot /etc/security/artex/config/master_profile.xml
2011-12-20-15:31:03: UID - 0
2011-12-20-15:46:44: Command - /usr/sbin/artexset -q -c -R /etc/security/artex/config/master_profile.xml
2011-12-20-15:46:44: UID - 0
2011-12-23-16:11:31: Command - /usr/sbin/artexset -q -c -R /etc/security/artex/config/master_profile.xml
2011-12-23-16:11:31: UID - 0
2012-01-13-14:53:02: Command - /usr/sbin/artexset -c -R -l reboot /etc/security/artex/config/master_profile.xml
2012-01-13-14:53:02: UID - 0
2012-01-13-15:03:45: Command - /usr/sbin/artexset -q -c -R /etc/security/artex/config/master_profile.xml
2012-01-13-15:03:45: UID - 0
2012-02-02-15:49:34: Command - /usr/sbin/artexset -q -c -R /etc/security/artex/config/master_profile.xml
2012-02-02-15:49:34: UID - 0
2012-02-03-15:14:31: Command - /usr/sbin/artexset -c -R -l reboot /etc/security/artex/config/master_profile.xml
2012-02-03-15:14:31: UID - 0
2012-02-03-15:20:58: Command - /usr/sbin/artexset -q -c -R /etc/security/artex/config/master_profile.xml
2012-02-03-15:20:58: UID - 0
2012-02-03-15:55:21: Command - /usr/sbin/artexset -c -R -l reboot /etc/security/artex/config/master_profile.xml
2012-02-03-15:55:21: UID - 0
2012-02-03-16:02:52: Command - /usr/sbin/artexset -q -c -R /etc/security/artex/config/master_profile.xml
2012-02-03-16:02:52: UID - 0
2012-02-06-11:08:34: Command - /usr/sbin/artexset -c -R -l reboot /etc/security/artex/config/master_profile.xml
2012-02-06-11:08:34: UID - 0
2012-02-06-11:15:19: Command - /usr/sbin/artexset -q -c -R /etc/security/artex/config/master_profile.xml
2012-02-06-11:15:19: UID - 0
2012-02-06-13:03:06: Command - /usr/sbin/artexset -q -c -R /etc/security/artex/config/master_profile.xml
2012-02-06-13:03:06: UID - 0
2012-02-06-15:04:37: Command - /usr/sbin/artexset -c -R -l reboot /etc/security/artex/config/master_profile.xml
2012-02-06-15:04:37: UID - 0
2012-02-06-15:11:14: Command - /usr/sbin/artexset -q -c -R /etc/security/artex/config/master_profile.xml
2012-02-06-15:11:14: UID - 0
2012-02-06-15:25:55: Command - /usr/sbin/artexset -q -c -R /etc/security/artex/config/master_profile.xml
2012-02-06-15:25:55: UID - 0
2012-02-06-16:08:02: Command - /usr/sbin/artexset -c -R -l reboot /etc/security/artex/config/master_profile.xml
2012-02-06-16:08:02: UID - 0
2012-02-06-16:14:23: Command - /usr/sbin/artexset -q -c -R /etc/security/artex/config/master_profile.xml
2012-02-06-16:14:23: UID - 0
2012-02-06-16:23:31: Command - /usr/sbin/artexset -c -R -l reboot /etc/security/artex/config/master_profile.xml
2012-02-06-16:23:31: UID - 0
2012-02-06-16:29:48: Command - /usr/sbin/artexset -q -c -R /etc/security/artex/config/master_profile.xml
2012-02-06-16:29:48: UID - 0
2012-02-08-11:52:07: Command - /usr/sbin/artexset -c -R -l reboot /etc/security/artex/config/master_profile.xml
2012-02-08-11:52:07: UID - 0
2012-02-08-11:58:21: Command - /usr/sbin/artexset -q -c -R /etc/security/artex/config/master_profile.xml
2012-02-08-11:58:21: UID - 0
2012-02-08-12:03:58: Command - /usr/sbin/artexset -c -R -l reboot /etc/security/artex/config/master_profile.xml
2012-02-08-12:03:58: UID - 0
2012-02-08-12:10:12: Command - /usr/sbin/artexset -q -c -R /etc/security/artex/config/master_profile.xml
2012-02-08-12:10:12: UID - 0
2012-02-08-19:12:15: Command - /usr/sbin/artexset -c -R -l reboot /etc/security/artex/config/master_profile.xml
2012-02-08-19:12:15: UID - 0
2012-02-08-19:20:52: Command - /usr/sbin/artexset -q -c -R /etc/security/artex/config/master_profile.xml
2012-02-08-19:20:52: UID - 0
2012-02-09-14:42:27: Command - /usr/sbin/artexset -c -R -l reboot /etc/security/artex/config/master_profile.xml
2012-02-09-14:42:27: UID - 0
2012-02-09-14:56:39: Command - /usr/sbin/artexset -q -c -R /etc/security/artex/config/master_profile.xml
2012-02-09-14:56:39: UID - 0
2012-02-14-15:15:25: Command - /usr/sbin/artexset -c -R -l reboot /etc/security/artex/config/master_profile.xml
2012-02-14-15:15:25: UID - 0
2012-02-14-15:23:18: Command - /usr/sbin/artexset -q -c -R /etc/security/artex/config/master_profile.xml
2012-02-14-15:23:18: UID - 0
2012-03-16-23:51:57: Command - /usr/sbin/artexset -q -c -R /etc/security/artex/config/master_profile.xml
2012-03-16-23:51:57: UID - 0
2012-03-19-15:37:48: Command - /usr/sbin/artexset -c -R -l reboot /etc/security/artex/config/master_profile.xml
2012-03-19-15:37:48: UID - 0
2012-03-19-16:08:16: Command - /usr/sbin/artexset -q -c -R /etc/security/artex/config/master_profile.xml
2012-03-19-16:08:16: UID - 0
2012-04-19-15:26:06: Command - /usr/sbin/artexset -q -c -R /etc/security/artex/config/master_profile.xml
2012-04-19-15:26:06: UID - 0
2012-04-19-18:04:09: Command - /usr/sbin/artexset -q -c -R /etc/security/artex/config/master_profile.xml
2012-04-19-18:04:09: UID - 0
2012-04-19-19:09:06: Command - /usr/sbin/artexset -q -c -R /etc/security/artex/config/master_profile.xml
2012-04-19-19:09:06: UID - 0
2012-04-19-19:34:10: Command - /usr/sbin/artexset -c -R -l reboot /etc/security/artex/config/master_profile.xml
2012-04-19-19:34:10: UID - 0
2012-04-19-20:01:14: Command - /usr/sbin/artexset -q -c -R /etc/security/artex/config/master_profile.xml
2012-04-19-20:01:14: UID - 0
2012-04-20-09:49:00: Command - /usr/sbin/artexset -q -c -R /etc/security/artex/config/master_profile.xml
2012-04-20-09:49:00: UID - 0
2012-04-20-10:25:43: Command - /usr/sbin/artexset -q -c -R /etc/security/artex/config/master_profile.xml
2012-04-20-10:25:43: UID - 0
2012-04-20-11:09:41: Command - /usr/sbin/artexset -q -c -R /etc/security/artex/config/master_profile.xml
2012-04-20-11:09:41: UID - 0
2012-04-20-11:39:52: Command - /usr/sbin/artexset -q -c -R /etc/security/artex/config/master_profile.xml
2012-04-20-11:39:52: UID - 0
2012-04-20-12:01:22: Command - /usr/sbin/artexset -q -c -R /etc/security/artex/config/master_profile.xml
2012-04-20-12:01:22: UID - 0
2012-04-20-16:05:38: Command - /usr/sbin/artexset -q -c -R /etc/security/artex/config/master_profile.xml
2012-04-20-16:05:38: UID - 0
2012-04-20-16:25:26: Command - /usr/sbin/artexset -q -c -R /etc/security/artex/config/master_profile.xml
2012-04-20-16:25:26: UID - 0
2012-04-20-17:12:31: Command - /usr/sbin/artexset -q -c -R /etc/security/artex/config/master_profile.xml
2012-04-20-17:12:31: UID - 0
2012-04-20-18:04:55: Command - /usr/sbin/artexset -q -c -R /etc/security/artex/config/master_profile.xml
2012-04-20-18:04:55: UID - 0
2012-04-25-14:51:29: Command - /usr/sbin/artexset -q -c -R /etc/security/artex/config/master_profile.xml
2012-04-25-14:51:29: UID - 0
2012-04-28-13:56:09: Command - /usr/sbin/artexset -q -c -R /etc/security/artex/config/master_profile.xml
2012-04-28-13:56:09: UID - 0
2012-05-03-17:18:47: Command - /usr/sbin/artexset -q -c -R /etc/security/artex/config/master_profile.xml
2012-05-03-17:18:47: UID - 0
2012-05-10-18:32:08: Command - /usr/sbin/artexset -q -c -R /etc/security/artex/config/master_profile.xml
2012-05-10-18:32:08: UID - 0
2012-05-12-15:06:35: Command - /usr/sbin/artexset -q -c -R /etc/security/artex/config/master_profile.xml
2012-05-12-15:06:35: UID - 0
2012-05-16-13:15:31: Command - /usr/sbin/artexset -q -c -R /etc/security/artex/config/master_profile.xml
2012-05-16-13:15:31: UID - 0
2012-06-08-12:23:59: Command - /usr/sbin/artexset -c -R -l reboot /etc/security/artex/config/master_profile.xml
2012-06-08-12:23:59: UID - 0
2012-06-08-16:48:11: Command - /usr/sbin/artexset -q -c -R /etc/security/artex/config/master_profile.xml
2012-06-08-16:48:11: UID - 0
2012-06-09-11:33:49: Command - /usr/sbin/artexset -q -c -R /etc/security/artex/config/master_profile.xml
2012-06-09-11:33:49: UID - 0
2012-06-09-18:23:13: Command - /usr/sbin/artexset -c -R -l reboot /etc/security/artex/config/master_profile.xml
2012-06-09-18:23:13: UID - 0
2012-06-09-19:31:35: Command - /usr/sbin/artexset -q -c -R /etc/security/artex/config/master_profile.xml
2012-06-09-19:31:35: UID - 0
2012-06-13-12:21:55: Command - /usr/sbin/artexset -c -R -l reboot /etc/security/artex/config/master_profile.xml
2012-06-13-12:21:55: UID - 0
2012-06-15-11:11:47: Command - /usr/sbin/artexset -q -c -R /etc/security/artex/config/master_profile.xml
2012-06-15-11:11:47: UID - 0
2012-06-15-15:19:58: Command - /usr/sbin/artexset -q -c -R /etc/security/artex/config/master_profile.xml
2012-06-15-15:19:58: UID - 0
2012-06-18-11:09:12: Command - /usr/sbin/artexset -q -c -R /etc/security/artex/config/master_profile.xml
2012-06-18-11:09:12: UID - 0
2012-06-18-12:45:40: Command - /usr/sbin/artexset -q -c -R /etc/security/artex/config/master_profile.xml
2012-06-18-12:45:40: UID - 0
2012-06-18-18:51:54: Command - /usr/sbin/artexset -c -R -l reboot /etc/security/artex/config/master_profile.xml
2012-06-18-18:51:54: UID - 0
2012-06-18-19:11:49: Command - /usr/sbin/artexset -q -c -R /etc/security/artex/config/master_profile.xml
2012-06-18-19:11:49: UID - 0
2012-06-18-20:06:57: Command - /usr/sbin/artexset -q -c -R /etc/security/artex/config/master_profile.xml
2012-06-18-20:06:57: UID - 0
2012-06-19-16:34:49: Command - /usr/sbin/artexset -c -R -l reboot /etc/security/artex/config/master_profile.xml
2012-06-19-16:34:49: UID - 0
2012-06-19-17:10:29: Command - /usr/sbin/artexset -q -c -R /etc/security/artex/config/master_profile.xml
2012-06-19-17:10:29: UID - 0
2012-06-19-19:08:59: Command - /usr/sbin/artexset -c -R -l reboot /etc/security/artex/config/master_profile.xml
2012-06-19-19:08:59: UID - 0
2012-06-19-19:38:11: Command - /usr/sbin/artexset -q -c -R /etc/security/artex/config/master_profile.xml
2012-06-19-19:38:11: UID - 0
2012-06-27-11:19:28: Command - /usr/sbin/artexset -q -c -R /etc/security/artex/config/master_profile.xml
2012-06-27-11:19:28: UID - 0
2012-06-27-11:22:58: Command - /usr/sbin/artexset -c -R -l reboot /etc/security/artex/config/master_profile.xml
2012-06-27-11:22:58: UID - 0
2012-06-27-11:50:29: Command - /usr/sbin/artexset -q -c -R /etc/security/artex/config/master_profile.xml
2012-06-27-11:50:29: UID - 0
2012-07-17-21:29:09: Command - /usr/sbin/artexset -c -R -l reboot /etc/security/artex/config/master_profile.xml
2012-07-17-21:29:09: UID - 0
2012-07-18-12:29:25: Command - /usr/sbin/artexset -q -c -R /etc/security/artex/config/master_profile.xml
2012-07-18-12:29:25: UID - 0
2012-07-19-12:16:28: Command - /usr/sbin/artexset -c -R -l reboot /etc/security/artex/config/master_profile.xml
2012-07-19-12:16:28: UID - 0
2012-07-19-12:24:52: Command - /usr/sbin/artexset -c -R -l reboot /etc/security/artex/config/master_profile.xml
2012-07-19-12:24:52: UID - 0
2012-07-19-13:38:16: Command - /usr/sbin/artexset -q -c -R /etc/security/artex/config/master_profile.xml
2012-07-19-13:38:16: UID - 0
2012-07-27-16:25:43: Command - /usr/sbin/artexset -c -R -l reboot /etc/security/artex/config/master_profile.xml
2012-07-27-16:25:43: UID - 0
2012-07-27-17:06:27: Command - /usr/sbin/artexset -q -c -R /etc/security/artex/config/master_profile.xml
2012-07-27-17:06:27: UID - 0
2012-10-01-12:46:15: Command - /usr/sbin/artexset -q -c -R /etc/security/artex/config/master_profile.xml
2012-10-01-12:46:15: UID - 0
2012-10-01-14:21:34: Command - /usr/sbin/artexset -q -c -R /etc/security/artex/config/master_profile.xml
2012-10-01-14:21:34: UID - 0
2012-10-01-17:28:37: Command - /usr/sbin/artexset -q -c -R /etc/security/artex/config/master_profile.xml
2012-10-01-17:28:37: UID - 0
2012-10-02-12:42:55: Command - /usr/sbin/artexset -q -c -R /etc/security/artex/config/master_profile.xml
2012-10-02-12:42:55: UID - 0
2012-10-05-08:10:30: Command - /usr/sbin/artexset -c -R -l reboot /etc/security/artex/config/master_profile.xml
2012-10-05-08:10:30: UID - 0
2012-10-05-08:53:25: Command - /usr/sbin/artexset -q -c -R /etc/security/artex/config/master_profile.xml
2012-10-05-08:53:25: UID - 0
2012-10-05-15:16:49: Command - /usr/sbin/artexset -q -c -R /etc/security/artex/config/master_profile.xml
2012-10-05-15:16:49: UID - 0
2012-11-06-14:50:48: Command - /usr/sbin/artexset -q -c -R /etc/security/artex/config/master_profile.xml
2012-11-06-14:50:48: UID - 0
2012-11-16-12:57:36: Command - /usr/sbin/artexset -q -c -R /etc/security/artex/config/master_profile.xml
2012-11-16-12:57:36: UID - 0
2012-11-16-13:51:17: Command - /usr/sbin/artexset -c -R -l reboot /etc/security/artex/config/master_profile.xml
2012-11-16-13:51:17: UID - 0
2012-11-16-14:09:40: Command - /usr/sbin/artexset -q -c -R /etc/security/artex/config/master_profile.xml
2012-11-16-14:09:40: UID - 0
2012-11-21-15:09:04: Command - /usr/sbin/artexset -c -R -l reboot /etc/security/artex/config/master_profile.xml
2012-11-21-15:09:04: UID - 0
2012-11-21-15:30:16: Command - /usr/sbin/artexset -q -c -R /etc/security/artex/config/master_profile.xml
2012-11-21-15:30:16: UID - 0
2012-11-22-13:24:44: Command - /usr/sbin/artexset -c -R -l reboot /etc/security/artex/config/master_profile.xml
2012-11-22-13:24:44: UID - 0
2012-11-22-13:45:37: Command - /usr/sbin/artexset -q -c -R /etc/security/artex/config/master_profile.xml
2012-11-22-13:45:37: UID - 0
2012-11-23-14:05:33: Command - /usr/sbin/artexset -c -R -l reboot /etc/security/artex/config/master_profile.xml
2012-11-23-14:05:33: UID - 0
2012-11-23-14:26:47: Command - /usr/sbin/artexset -q -c -R /etc/security/artex/config/master_profile.xml
2012-11-23-14:26:47: UID - 0
2012-11-26-14:43:34: Command - /usr/sbin/artexset -c -R -l reboot /etc/security/artex/config/master_profile.xml
2012-11-26-14:43:34: UID - 0
2012-11-26-15:10:20: Command - /usr/sbin/artexset -q -c -R /etc/security/artex/config/master_profile.xml
2012-11-26-15:10:20: UID - 0
2012-11-27-12:33:19: Command - /usr/sbin/artexset -c -R -l reboot /etc/security/artex/config/master_profile.xml
2012-11-27-12:33:19: UID - 0
2012-11-27-14:26:54: Command - /usr/sbin/artexset -q -c -R /etc/security/artex/config/master_profile.xml
2012-11-27-14:26:54: UID - 0
 done.
