DEBUG    2013-02-24 10:31:21,562 upload_handlers Starting proccessing file with ID = d9dd1cceeeaf00830f16a68575680a86 in handle_raw_input
DEBUG    2013-02-24 10:31:21,570 upload_handlers X-Progress-ID exists and equals = d9dd1cceeeaf00830f16a68575680a86
DEBUG    2013-02-24 10:31:21,571 upload_handlers Cache key is set to 188.123.248.4_d9dd1cceeeaf00830f16a68575680a86 and data uploaded 0
DEBUG    2013-02-24 10:31:21,610 upload_handlers NEW FILE
DEBUG    2013-02-24 10:31:21,610 upload_handlers Data is now equals 65536
DEBUG    2013-02-24 10:31:21,611 upload_handlers Data is now equals 131072
DEBUG    2013-02-24 10:31:21,611 upload_handlers Data is now equals 196608
DEBUG    2013-02-24 10:31:21,612 upload_handlers Data is now equals 262144
DEBUG    2013-02-24 10:31:21,612 upload_handlers Data is now equals 327680
DEBUG    2013-02-24 10:31:21,613 upload_handlers Data is now equals 393216
DEBUG    2013-02-24 10:31:21,613 upload_handlers Data is now equals 458752
DEBUG    2013-02-24 10:31:21,614 upload_handlers Data is now equals 524288
DEBUG    2013-02-24 10:31:21,614 upload_handlers Data is now equals 589824
DEBUG    2013-02-24 10:31:21,615 upload_handlers Data is now equals 655360
DEBUG    2013-02-24 10:31:21,615 upload_handlers Data is now equals 720896
DEBUG    2013-02-24 10:31:21,616 upload_handlers Data is now equals 786432
DEBUG    2013-02-24 10:31:21,616 upload_handlers Data is now equals 851968
DEBUG    2013-02-24 10:31:21,617 upload_handlers Data is now equals 917504
DEBUG    2013-02-24 10:31:21,617 upload_handlers Data is now equals 983040
DEBUG    2013-02-24 10:31:21,618 upload_handlers Data is now equals 1048576
DEBUG    2013-02-24 10:31:21,618 upload_handlers Data is now equals 1114112
DEBUG    2013-02-24 10:31:21,619 upload_handlers Data is now equals 1179648
DEBUG    2013-02-24 10:31:21,619 upload_handlers Data is now equals 1245184
DEBUG    2013-02-24 10:31:21,620 upload_handlers Data is now equals 1310720
DEBUG    2013-02-24 10:31:21,620 upload_handlers Data is now equals 1376256
DEBUG    2013-02-24 10:31:21,621 upload_handlers Data is now equals 1441792
DEBUG    2013-02-24 10:31:21,621 upload_handlers Data is now equals 1507328
DEBUG    2013-02-24 10:31:21,622 upload_handlers Data is now equals 1572864
DEBUG    2013-02-24 10:31:21,622 upload_handlers Data is now equals 1638400
DEBUG    2013-02-24 10:31:21,623 upload_handlers Data is now equals 1703936
DEBUG    2013-02-24 10:31:21,623 upload_handlers Data is now equals 1769472
DEBUG    2013-02-24 10:31:21,624 upload_handlers Data is now equals 1835008
DEBUG    2013-02-24 10:31:21,624 upload_handlers Data is now equals 1900544
DEBUG    2013-02-24 10:31:21,624 upload_handlers Data is now equals 1966080
DEBUG    2013-02-24 10:31:21,625 upload_handlers Data is now equals 2031616
DEBUG    2013-02-24 10:31:21,625 upload_handlers Data is now equals 2097152
DEBUG    2013-02-24 10:31:21,626 upload_handlers Data is now equals 2162688
DEBUG    2013-02-24 10:31:21,626 upload_handlers Data is now equals 2228224
DEBUG    2013-02-24 10:31:21,627 upload_handlers Data is now equals 2293760
DEBUG    2013-02-24 10:31:21,627 upload_handlers Data is now equals 2359296
DEBUG    2013-02-24 10:31:21,628 upload_handlers Data is now equals 2424832
DEBUG    2013-02-24 10:31:21,628 upload_handlers Data is now equals 2490368
DEBUG    2013-02-24 10:31:21,629 upload_handlers Data is now equals 2555904
DEBUG    2013-02-24 10:31:21,629 upload_handlers Data is now equals 2621440
DEBUG    2013-02-24 10:31:21,630 upload_handlers Data is now equals 2686976
DEBUG    2013-02-24 10:31:21,630 upload_handlers Data is now equals 2752512
DEBUG    2013-02-24 10:31:21,631 upload_handlers Data is now equals 2818048
DEBUG    2013-02-24 10:31:21,631 upload_handlers Data is now equals 2883584
DEBUG    2013-02-24 10:31:21,631 upload_handlers Data is now equals 2949120
DEBUG    2013-02-24 10:31:21,632 upload_handlers Data is now equals 3014656
DEBUG    2013-02-24 10:31:21,632 upload_handlers Data is now equals 3080192
DEBUG    2013-02-24 10:31:21,633 upload_handlers Data is now equals 3145728
DEBUG    2013-02-24 10:31:21,633 upload_handlers Data is now equals 3211264
DEBUG    2013-02-24 10:31:21,634 upload_handlers Data is now equals 3276800
DEBUG    2013-02-24 10:31:21,635 upload_handlers Data is now equals 3342336
DEBUG    2013-02-24 10:31:21,635 upload_handlers Data is now equals 3407872
DEBUG    2013-02-24 10:31:21,636 upload_handlers Data is now equals 3473408
DEBUG    2013-02-24 10:31:21,636 upload_handlers Data is now equals 3538944
DEBUG    2013-02-24 10:31:21,637 upload_handlers Data is now equals 3604480
DEBUG    2013-02-24 10:31:21,637 upload_handlers Data is now equals 3670016
DEBUG    2013-02-24 10:31:21,637 upload_handlers Data is now equals 3735552
DEBUG    2013-02-24 10:31:21,638 upload_handlers Data is now equals 3801088
DEBUG    2013-02-24 10:31:21,638 upload_handlers Data is now equals 3866624
DEBUG    2013-02-24 10:31:21,639 upload_handlers Data is now equals 3932160
DEBUG    2013-02-24 10:31:21,639 upload_handlers Data is now equals 3997696
DEBUG    2013-02-24 10:31:21,640 upload_handlers Data is now equals 4063232
DEBUG    2013-02-24 10:31:21,640 upload_handlers Data is now equals 4128768
DEBUG    2013-02-24 10:31:21,641 upload_handlers Data is now equals 4194304
DEBUG    2013-02-24 10:31:21,641 upload_handlers Data is now equals 4259840
DEBUG    2013-02-24 10:31:21,642 upload_handlers Data is now equals 4325376
DEBUG    2013-02-24 10:31:21,642 upload_handlers Data is now equals 4390912
DEBUG    2013-02-24 10:31:21,643 upload_handlers Data is now equals 4456448
DEBUG    2013-02-24 10:31:21,643 upload_handlers Data is now equals 4521984
DEBUG    2013-02-24 10:31:21,644 upload_handlers Data is now equals 4587520
DEBUG    2013-02-24 10:31:21,644 upload_handlers Data is now equals 4653056
DEBUG    2013-02-24 10:31:21,645 upload_handlers Data is now equals 4718592
DEBUG    2013-02-24 10:31:21,645 upload_handlers Data is now equals 4784128
DEBUG    2013-02-24 10:31:21,646 upload_handlers Data is now equals 4849664
DEBUG    2013-02-24 10:31:21,646 upload_handlers Data is now equals 4915200
DEBUG    2013-02-24 10:31:21,646 upload_handlers Data is now equals 4980736
DEBUG    2013-02-24 10:31:21,647 upload_handlers Data is now equals 5046272
DEBUG    2013-02-24 10:31:21,647 upload_handlers Data is now equals 5111808
DEBUG    2013-02-24 10:31:21,648 upload_handlers Data is now equals 5177344
DEBUG    2013-02-24 10:31:21,648 upload_handlers Data is now equals 5242880
DEBUG    2013-02-24 10:31:21,649 upload_handlers Data is now equals 5308416
DEBUG    2013-02-24 10:31:21,649 upload_handlers Data is now equals 5373952
DEBUG    2013-02-24 10:31:21,650 upload_handlers Data is now equals 5439488
DEBUG    2013-02-24 10:31:21,650 upload_handlers Data is now equals 5505024
DEBUG    2013-02-24 10:31:21,651 upload_handlers Data is now equals 5570560
DEBUG    2013-02-24 10:31:21,651 upload_handlers Data is now equals 5636096
DEBUG    2013-02-24 10:31:21,652 upload_handlers Data is now equals 5701632
DEBUG    2013-02-24 10:31:21,653 upload_handlers Data is now equals 5767168
DEBUG    2013-02-24 10:31:21,653 upload_handlers Data is now equals 5832704
DEBUG    2013-02-24 10:31:21,654 upload_handlers Data is now equals 5898240
DEBUG    2013-02-24 10:31:21,655 upload_handlers Data is now equals 5963776
DEBUG    2013-02-24 10:31:21,655 upload_handlers Data is now equals 6029312
DEBUG    2013-02-24 10:31:21,656 upload_handlers Data is now equals 6094848
DEBUG    2013-02-24 10:31:21,656 upload_handlers Data is now equals 6160384
DEBUG    2013-02-24 10:31:21,657 upload_handlers Data is now equals 6225920
DEBUG    2013-02-24 10:31:21,657 upload_handlers Data is now equals 6291456
DEBUG    2013-02-24 10:31:21,658 upload_handlers Data is now equals 6356992
DEBUG    2013-02-24 10:31:21,658 upload_handlers Data is now equals 6422528
DEBUG    2013-02-24 10:31:21,659 upload_handlers Data is now equals 6488064
DEBUG    2013-02-24 10:31:21,659 upload_handlers Data is now equals 6553600
DEBUG    2013-02-24 10:31:21,660 upload_handlers Data is now equals 6619136
DEBUG    2013-02-24 10:31:21,660 upload_handlers Data is now equals 6684672
DEBUG    2013-02-24 10:31:21,661 upload_handlers Data is now equals 6750208
DEBUG    2013-02-24 10:31:21,661 upload_handlers Data is now equals 6815744
DEBUG    2013-02-24 10:31:21,662 upload_handlers Data is now equals 6881280
DEBUG    2013-02-24 10:31:21,662 upload_handlers Data is now equals 6946816
DEBUG    2013-02-24 10:31:21,662 upload_handlers Data is now equals 7012352
DEBUG    2013-02-24 10:31:21,663 upload_handlers Data is now equals 7077888
DEBUG    2013-02-24 10:31:21,663 upload_handlers Data is now equals 7143424
DEBUG    2013-02-24 10:31:21,664 upload_handlers Data is now equals 7208960
DEBUG    2013-02-24 10:31:21,665 upload_handlers Data is now equals 7274496
DEBUG    2013-02-24 10:31:21,665 upload_handlers Data is now equals 7340032
DEBUG    2013-02-24 10:31:21,666 upload_handlers Data is now equals 7405568
DEBUG    2013-02-24 10:31:21,666 upload_handlers Data is now equals 7471104
DEBUG    2013-02-24 10:31:21,667 upload_handlers Data is now equals 7536640
DEBUG    2013-02-24 10:31:21,667 upload_handlers Data is now equals 7602176
DEBUG    2013-02-24 10:31:21,667 upload_handlers Data is now equals 7667712
DEBUG    2013-02-24 10:31:21,668 upload_handlers Data is now equals 7733248
DEBUG    2013-02-24 10:31:21,668 upload_handlers Data is now equals 7798784
DEBUG    2013-02-24 10:31:21,669 upload_handlers Data is now equals 7864320
DEBUG    2013-02-24 10:31:21,669 upload_handlers Data is now equals 7929856
DEBUG    2013-02-24 10:31:21,670 upload_handlers Data is now equals 7995392
DEBUG    2013-02-24 10:31:21,670 upload_handlers Data is now equals 8060928
DEBUG    2013-02-24 10:31:21,671 upload_handlers Data is now equals 8126464
DEBUG    2013-02-24 10:31:21,671 upload_handlers Data is now equals 8192000
DEBUG    2013-02-24 10:31:21,672 upload_handlers Data is now equals 8257536
DEBUG    2013-02-24 10:31:21,672 upload_handlers Data is now equals 8323072
DEBUG    2013-02-24 10:31:21,673 upload_handlers Data is now equals 8388608
DEBUG    2013-02-24 10:31:21,673 upload_handlers Data is now equals 8454144
DEBUG    2013-02-24 10:31:21,674 upload_handlers Data is now equals 8519680
DEBUG    2013-02-24 10:31:21,674 upload_handlers Data is now equals 8585216
DEBUG    2013-02-24 10:31:21,675 upload_handlers Data is now equals 8650752
DEBUG    2013-02-24 10:31:21,675 upload_handlers Data is now equals 8716288
DEBUG    2013-02-24 10:31:21,676 upload_handlers Data is now equals 8781824
DEBUG    2013-02-24 10:31:21,676 upload_handlers Data is now equals 8847360
DEBUG    2013-02-24 10:31:21,677 upload_handlers Data is now equals 8912896
DEBUG    2013-02-24 10:31:21,677 upload_handlers Data is now equals 8978432
DEBUG    2013-02-24 10:31:21,678 upload_handlers Data is now equals 9043968
DEBUG    2013-02-24 10:31:21,678 upload_handlers Data is now equals 9109504
DEBUG    2013-02-24 10:31:21,679 upload_handlers Data is now equals 9175040
DEBUG    2013-02-24 10:31:21,679 upload_handlers Data is now equals 9240576
DEBUG    2013-02-24 10:31:21,679 upload_handlers Data is now equals 9306112
DEBUG    2013-02-24 10:31:21,680 upload_handlers Data is now equals 9371648
DEBUG    2013-02-24 10:31:21,680 upload_handlers Data is now equals 9437184
DEBUG    2013-02-24 10:31:21,681 upload_handlers Data is now equals 9502720
DEBUG    2013-02-24 10:31:21,681 upload_handlers Data is now equals 9568256
DEBUG    2013-02-24 10:31:21,682 upload_handlers Data is now equals 9633792
DEBUG    2013-02-24 10:31:21,682 upload_handlers Data is now equals 9699328
DEBUG    2013-02-24 10:31:21,683 upload_handlers Data is now equals 9764864
DEBUG    2013-02-24 10:31:21,683 upload_handlers Data is now equals 9830400
DEBUG    2013-02-24 10:31:21,684 upload_handlers Data is now equals 9895936
DEBUG    2013-02-24 10:31:21,684 upload_handlers Data is now equals 9961472
DEBUG    2013-02-24 10:31:21,685 upload_handlers Data is now equals 10027008
DEBUG    2013-02-24 10:31:21,685 upload_handlers Data is now equals 10092544
DEBUG    2013-02-24 10:31:21,686 upload_handlers Data is now equals 10158080
DEBUG    2013-02-24 10:31:21,686 upload_handlers Data is now equals 10223616
DEBUG    2013-02-24 10:31:21,686 upload_handlers Data is now equals 10289152
DEBUG    2013-02-24 10:31:21,687 upload_handlers Data is now equals 10354688
DEBUG    2013-02-24 10:31:21,687 upload_handlers Data is now equals 10420224
DEBUG    2013-02-24 10:31:21,688 upload_handlers Data is now equals 10485760
DEBUG    2013-02-24 10:31:21,688 upload_handlers Data is now equals 10551296
DEBUG    2013-02-24 10:31:21,689 upload_handlers Data is now equals 10616832
DEBUG    2013-02-24 10:31:21,689 upload_handlers Data is now equals 10682368
DEBUG    2013-02-24 10:31:21,690 upload_handlers Data is now equals 10747904
DEBUG    2013-02-24 10:31:21,690 upload_handlers Data is now equals 10813440
DEBUG    2013-02-24 10:31:21,691 upload_handlers Data is now equals 10878976
DEBUG    2013-02-24 10:31:21,691 upload_handlers Data is now equals 10944512
DEBUG    2013-02-24 10:31:21,692 upload_handlers Data is now equals 11010048
DEBUG    2013-02-24 10:31:21,692 upload_handlers Data is now equals 11075584
DEBUG    2013-02-24 10:31:21,693 upload_handlers Data is now equals 11141120
DEBUG    2013-02-24 10:31:21,693 upload_handlers Data is now equals 11206656
DEBUG    2013-02-24 10:31:21,694 upload_handlers Data is now equals 11272192
DEBUG    2013-02-24 10:31:21,694 upload_handlers Data is now equals 11337728
DEBUG    2013-02-24 10:31:21,695 upload_handlers Data is now equals 11403264
DEBUG    2013-02-24 10:31:21,695 upload_handlers Data is now equals 11468800
DEBUG    2013-02-24 10:31:21,696 upload_handlers Data is now equals 11534336
DEBUG    2013-02-24 10:31:21,696 upload_handlers Data is now equals 11599872
DEBUG    2013-02-24 10:31:21,697 upload_handlers Data is now equals 11665408
DEBUG    2013-02-24 10:31:21,697 upload_handlers Data is now equals 11730944
DEBUG    2013-02-24 10:31:21,697 upload_handlers Data is now equals 11796480
DEBUG    2013-02-24 10:31:21,698 upload_handlers Data is now equals 11862016
DEBUG    2013-02-24 10:31:21,698 upload_handlers Data is now equals 11927552
DEBUG    2013-02-24 10:31:21,699 upload_handlers Data is now equals 11993088
DEBUG    2013-02-24 10:31:21,699 upload_handlers Data is now equals 12058624
DEBUG    2013-02-24 10:31:21,700 upload_handlers Data is now equals 12124160
DEBUG    2013-02-24 10:31:21,700 upload_handlers Data is now equals 12189696
DEBUG    2013-02-24 10:31:21,701 upload_handlers Data is now equals 12255232
DEBUG    2013-02-24 10:31:21,701 upload_handlers Data is now equals 12320768
DEBUG    2013-02-24 10:31:21,702 upload_handlers Data is now equals 12386304
DEBUG    2013-02-24 10:31:21,702 upload_handlers Data is now equals 12451840
DEBUG    2013-02-24 10:31:21,703 upload_handlers Data is now equals 12517376
DEBUG    2013-02-24 10:31:21,703 upload_handlers Data is now equals 12582912
DEBUG    2013-02-24 10:31:21,704 upload_handlers Data is now equals 12648448
DEBUG    2013-02-24 10:31:21,704 upload_handlers Data is now equals 12713984
DEBUG    2013-02-24 10:31:21,705 upload_handlers Data is now equals 12779520
DEBUG    2013-02-24 10:31:21,705 upload_handlers Data is now equals 12845056
DEBUG    2013-02-24 10:31:21,705 upload_handlers Data is now equals 12910592
DEBUG    2013-02-24 10:31:21,706 upload_handlers Data is now equals 12976128
DEBUG    2013-02-24 10:31:21,707 upload_handlers Data is now equals 13041664
DEBUG    2013-02-24 10:31:21,707 upload_handlers Data is now equals 13107200
DEBUG    2013-02-24 10:31:21,707 upload_handlers Data is now equals 13172736
DEBUG    2013-02-24 10:31:21,708 upload_handlers Data is now equals 13238272
DEBUG    2013-02-24 10:31:21,708 upload_handlers Data is now equals 13303808
DEBUG    2013-02-24 10:31:21,709 upload_handlers Data is now equals 13369344
DEBUG    2013-02-24 10:31:21,709 upload_handlers Data is now equals 13434880
DEBUG    2013-02-24 10:31:21,710 upload_handlers Data is now equals 13500416
DEBUG    2013-02-24 10:31:21,710 upload_handlers Data is now equals 13565952
DEBUG    2013-02-24 10:31:21,711 upload_handlers Data is now equals 13631488
DEBUG    2013-02-24 10:31:21,711 upload_handlers Data is now equals 13697024
DEBUG    2013-02-24 10:31:21,712 upload_handlers Data is now equals 13762560
DEBUG    2013-02-24 10:31:21,712 upload_handlers Data is now equals 13828096
DEBUG    2013-02-24 10:31:21,713 upload_handlers Data is now equals 13893632
DEBUG    2013-02-24 10:31:21,713 upload_handlers Data is now equals 13959168
DEBUG    2013-02-24 10:31:21,713 upload_handlers Data is now equals 14024704
DEBUG    2013-02-24 10:31:21,714 upload_handlers Data is now equals 14090240
DEBUG    2013-02-24 10:31:21,714 upload_handlers Data is now equals 14155776
DEBUG    2013-02-24 10:31:21,715 upload_handlers Data is now equals 14221312
DEBUG    2013-02-24 10:31:21,715 upload_handlers Data is now equals 14286848
DEBUG    2013-02-24 10:31:21,716 upload_handlers Data is now equals 14352384
DEBUG    2013-02-24 10:31:21,716 upload_handlers Data is now equals 14417920
DEBUG    2013-02-24 10:31:21,717 upload_handlers Data is now equals 14483456
DEBUG    2013-02-24 10:31:21,717 upload_handlers Data is now equals 14548992
DEBUG    2013-02-24 10:31:21,718 upload_handlers Data is now equals 14614528
DEBUG    2013-02-24 10:31:21,718 upload_handlers Data is now equals 14680064
DEBUG    2013-02-24 10:31:21,719 upload_handlers Data is now equals 14745600
DEBUG    2013-02-24 10:31:21,719 upload_handlers Data is now equals 14811136
DEBUG    2013-02-24 10:31:21,720 upload_handlers Data is now equals 14876672
DEBUG    2013-02-24 10:31:21,720 upload_handlers Data is now equals 14942208
DEBUG    2013-02-24 10:31:21,720 upload_handlers Data is now equals 15007744
DEBUG    2013-02-24 10:31:21,721 upload_handlers Data is now equals 15073280
DEBUG    2013-02-24 10:31:21,721 upload_handlers Data is now equals 15138816
DEBUG    2013-02-24 10:31:21,722 upload_handlers Data is now equals 15204352
DEBUG    2013-02-24 10:31:21,722 upload_handlers Data is now equals 15269888
DEBUG    2013-02-24 10:31:21,723 upload_handlers Data is now equals 15335424
DEBUG    2013-02-24 10:31:21,723 upload_handlers Data is now equals 15400960
DEBUG    2013-02-24 10:31:21,724 upload_handlers Data is now equals 15466496
DEBUG    2013-02-24 10:31:21,724 upload_handlers Data is now equals 15532032
DEBUG    2013-02-24 10:31:21,725 upload_handlers Data is now equals 15597568
DEBUG    2013-02-24 10:31:21,725 upload_handlers Data is now equals 15663104
DEBUG    2013-02-24 10:31:21,726 upload_handlers Data is now equals 15728640
DEBUG    2013-02-24 10:31:21,726 upload_handlers Data is now equals 15794176
DEBUG    2013-02-24 10:31:21,726 upload_handlers Data is now equals 15859712
DEBUG    2013-02-24 10:31:21,727 upload_handlers Data is now equals 15925248
DEBUG    2013-02-24 10:31:21,727 upload_handlers Data is now equals 15990784
DEBUG    2013-02-24 10:31:21,728 upload_handlers Data is now equals 16056320
DEBUG    2013-02-24 10:31:21,728 upload_handlers Data is now equals 16121856
DEBUG    2013-02-24 10:31:21,729 upload_handlers Data is now equals 16187392
DEBUG    2013-02-24 10:31:21,729 upload_handlers Data is now equals 16252928
DEBUG    2013-02-24 10:31:21,730 upload_handlers Data is now equals 16318464
DEBUG    2013-02-24 10:31:21,730 upload_handlers Data is now equals 16384000
DEBUG    2013-02-24 10:31:21,731 upload_handlers Data is now equals 16449536
DEBUG    2013-02-24 10:31:21,731 upload_handlers Data is now equals 16515072
DEBUG    2013-02-24 10:31:21,732 upload_handlers Data is now equals 16580608
DEBUG    2013-02-24 10:31:21,732 upload_handlers Data is now equals 16646144
DEBUG    2013-02-24 10:31:21,732 upload_handlers Data is now equals 16711680
DEBUG    2013-02-24 10:31:21,733 upload_handlers Data is now equals 16777216
DEBUG    2013-02-24 10:31:21,734 upload_handlers Data is now equals 16842752
DEBUG    2013-02-24 10:31:21,734 upload_handlers Data is now equals 16908288
DEBUG    2013-02-24 10:31:21,735 upload_handlers Data is now equals 16973824
DEBUG    2013-02-24 10:31:21,735 upload_handlers Data is now equals 17039360
DEBUG    2013-02-24 10:31:21,735 upload_handlers Data is now equals 17104896
DEBUG    2013-02-24 10:31:21,736 upload_handlers Data is now equals 17170432
DEBUG    2013-02-24 10:31:21,736 upload_handlers Data is now equals 17235968
DEBUG    2013-02-24 10:31:21,737 upload_handlers Data is now equals 17301504
DEBUG    2013-02-24 10:31:21,737 upload_handlers Data is now equals 17367040
DEBUG    2013-02-24 10:31:21,738 upload_handlers Data is now equals 17432576
DEBUG    2013-02-24 10:31:21,738 upload_handlers Data is now equals 17498112
DEBUG    2013-02-24 10:31:21,739 upload_handlers Data is now equals 17563648
DEBUG    2013-02-24 10:31:21,739 upload_handlers Data is now equals 17629184
DEBUG    2013-02-24 10:31:21,740 upload_handlers Data is now equals 17694720
DEBUG    2013-02-24 10:31:21,740 upload_handlers Data is now equals 17760256
DEBUG    2013-02-24 10:31:21,741 upload_handlers Data is now equals 17825792
DEBUG    2013-02-24 10:31:21,741 upload_handlers Data is now equals 17891328
DEBUG    2013-02-24 10:31:21,742 upload_handlers Data is now equals 17956864
DEBUG    2013-02-24 10:31:21,742 upload_handlers Data is now equals 18022400
DEBUG    2013-02-24 10:31:21,743 upload_handlers Data is now equals 18087936
DEBUG    2013-02-24 10:31:21,743 upload_handlers Data is now equals 18153472
DEBUG    2013-02-24 10:31:21,744 upload_handlers Data is now equals 18219008
DEBUG    2013-02-24 10:31:21,744 upload_handlers Data is now equals 18284544
DEBUG    2013-02-24 10:31:21,744 upload_handlers Data is now equals 18350080
DEBUG    2013-02-24 10:31:21,745 upload_handlers Data is now equals 18415616
DEBUG    2013-02-24 10:31:21,745 upload_handlers Data is now equals 18481152
DEBUG    2013-02-24 10:31:21,746 upload_handlers Data is now equals 18546688
DEBUG    2013-02-24 10:31:21,746 upload_handlers Data is now equals 18612224
DEBUG    2013-02-24 10:31:21,747 upload_handlers Data is now equals 18677760
DEBUG    2013-02-24 10:31:21,747 upload_handlers Data is now equals 18743296
DEBUG    2013-02-24 10:31:21,748 upload_handlers Data is now equals 18808832
DEBUG    2013-02-24 10:31:21,748 upload_handlers Data is now equals 18874368
DEBUG    2013-02-24 10:31:21,749 upload_handlers Data is now equals 18939904
DEBUG    2013-02-24 10:31:21,749 upload_handlers Data is now equals 19005440
DEBUG    2013-02-24 10:31:21,750 upload_handlers Data is now equals 19070976
DEBUG    2013-02-24 10:31:21,750 upload_handlers Data is now equals 19136512
DEBUG    2013-02-24 10:31:21,751 upload_handlers Data is now equals 19202048
DEBUG    2013-02-24 10:31:21,751 upload_handlers Data is now equals 19267584
DEBUG    2013-02-24 10:31:21,751 upload_handlers Data is now equals 19333120
DEBUG    2013-02-24 10:31:21,752 upload_handlers Data is now equals 19398656
DEBUG    2013-02-24 10:31:21,752 upload_handlers Data is now equals 19464192
DEBUG    2013-02-24 10:31:21,753 upload_handlers Data is now equals 19529728
DEBUG    2013-02-24 10:31:21,753 upload_handlers Data is now equals 19595264
DEBUG    2013-02-24 10:31:21,754 upload_handlers Data is now equals 19660800
DEBUG    2013-02-24 10:31:21,754 upload_handlers Data is now equals 19726336
DEBUG    2013-02-24 10:31:21,755 upload_handlers Data is now equals 19791872
DEBUG    2013-02-24 10:31:21,755 upload_handlers Data is now equals 19857408
DEBUG    2013-02-24 10:31:21,756 upload_handlers Data is now equals 19922944
DEBUG    2013-02-24 10:31:21,756 upload_handlers Data is now equals 19988480
DEBUG    2013-02-24 10:31:21,756 upload_handlers Data is now equals 20054016
DEBUG    2013-02-24 10:31:21,757 upload_handlers Data is now equals 20119552
DEBUG    2013-02-24 10:31:21,757 upload_handlers Data is now equals 20185088
DEBUG    2013-02-24 10:31:21,758 upload_handlers Data is now equals 20250624
DEBUG    2013-02-24 10:31:21,758 upload_handlers Data is now equals 20316160
DEBUG    2013-02-24 10:31:21,759 upload_handlers Data is now equals 20381696
DEBUG    2013-02-24 10:31:21,759 upload_handlers Data is now equals 20447232
DEBUG    2013-02-24 10:31:21,760 upload_handlers Data is now equals 20512768
DEBUG    2013-02-24 10:31:21,760 upload_handlers Data is now equals 20578304
DEBUG    2013-02-24 10:31:21,761 upload_handlers Data is now equals 20643840
DEBUG    2013-02-24 10:31:21,761 upload_handlers Data is now equals 20709376
DEBUG    2013-02-24 10:31:21,761 upload_handlers Data is now equals 20774912
DEBUG    2013-02-24 10:31:21,762 upload_handlers Data is now equals 20840448
DEBUG    2013-02-24 10:31:21,762 upload_handlers Data is now equals 20905984
DEBUG    2013-02-24 10:31:21,763 upload_handlers Data is now equals 20971520
DEBUG    2013-02-24 10:31:21,763 upload_handlers Data is now equals 21037056
DEBUG    2013-02-24 10:31:21,764 upload_handlers Data is now equals 21102592
DEBUG    2013-02-24 10:31:21,764 upload_handlers Data is now equals 21168128
DEBUG    2013-02-24 10:31:21,765 upload_handlers Data is now equals 21233664
DEBUG    2013-02-24 10:31:21,765 upload_handlers Data is now equals 21299200
DEBUG    2013-02-24 10:31:21,766 upload_handlers Data is now equals 21364736
DEBUG    2013-02-24 10:31:21,766 upload_handlers Data is now equals 21430272
DEBUG    2013-02-24 10:31:21,767 upload_handlers Data is now equals 21495808
DEBUG    2013-02-24 10:31:21,767 upload_handlers Data is now equals 21561344
DEBUG    2013-02-24 10:31:21,767 upload_handlers Data is now equals 21626880
DEBUG    2013-02-24 10:31:21,768 upload_handlers Data is now equals 21692416
DEBUG    2013-02-24 10:31:21,768 upload_handlers Data is now equals 21757952
DEBUG    2013-02-24 10:31:21,769 upload_handlers Data is now equals 21823488
DEBUG    2013-02-24 10:31:21,769 upload_handlers Data is now equals 21889024
DEBUG    2013-02-24 10:31:21,770 upload_handlers Data is now equals 21954560
DEBUG    2013-02-24 10:31:21,770 upload_handlers Data is now equals 22020096
DEBUG    2013-02-24 10:31:21,771 upload_handlers Data is now equals 22085632
DEBUG    2013-02-24 10:31:21,771 upload_handlers Data is now equals 22151168
DEBUG    2013-02-24 10:31:21,772 upload_handlers Data is now equals 22216704
DEBUG    2013-02-24 10:31:21,772 upload_handlers Data is now equals 22282240
DEBUG    2013-02-24 10:31:21,773 upload_handlers Data is now equals 22347776
DEBUG    2013-02-24 10:31:21,773 upload_handlers Data is now equals 22413312
DEBUG    2013-02-24 10:31:21,774 upload_handlers Data is now equals 22478848
DEBUG    2013-02-24 10:31:21,774 upload_handlers Data is now equals 22544384
DEBUG    2013-02-24 10:31:21,774 upload_handlers Data is now equals 22609920
DEBUG    2013-02-24 10:31:21,775 upload_handlers Data is now equals 22675456
DEBUG    2013-02-24 10:31:21,775 upload_handlers Data is now equals 22740992
DEBUG    2013-02-24 10:31:21,776 upload_handlers Data is now equals 22806528
DEBUG    2013-02-24 10:31:21,776 upload_handlers Data is now equals 22872064
DEBUG    2013-02-24 10:31:21,777 upload_handlers Data is now equals 22937600
DEBUG    2013-02-24 10:31:21,777 upload_handlers Data is now equals 23003136
DEBUG    2013-02-24 10:31:21,778 upload_handlers Data is now equals 23068672
DEBUG    2013-02-24 10:31:21,778 upload_handlers Data is now equals 23134208
DEBUG    2013-02-24 10:31:21,779 upload_handlers Data is now equals 23199744
DEBUG    2013-02-24 10:31:21,779 upload_handlers Data is now equals 23265280
DEBUG    2013-02-24 10:31:21,780 upload_handlers Data is now equals 23330816
DEBUG    2013-02-24 10:31:21,780 upload_handlers Data is now equals 23396352
DEBUG    2013-02-24 10:31:21,781 upload_handlers Data is now equals 23461888
DEBUG    2013-02-24 10:31:21,781 upload_handlers Data is now equals 23527424
DEBUG    2013-02-24 10:31:21,781 upload_handlers Data is now equals 23592960
DEBUG    2013-02-24 10:31:21,782 upload_handlers Data is now equals 23658496
DEBUG    2013-02-24 10:31:21,782 upload_handlers Data is now equals 23724032
DEBUG    2013-02-24 10:31:21,783 upload_handlers Data is now equals 23789568
DEBUG    2013-02-24 10:31:21,783 upload_handlers Data is now equals 23855104
DEBUG    2013-02-24 10:31:21,784 upload_handlers Data is now equals 23920640
DEBUG    2013-02-24 10:31:21,784 upload_handlers Data is now equals 23986176
DEBUG    2013-02-24 10:31:21,785 upload_handlers Data is now equals 24051712
DEBUG    2013-02-24 10:31:21,785 upload_handlers Data is now equals 24117248
DEBUG    2013-02-24 10:31:21,786 upload_handlers Data is now equals 24182784
DEBUG    2013-02-24 10:31:21,786 upload_handlers Data is now equals 24248320
DEBUG    2013-02-24 10:31:21,787 upload_handlers Data is now equals 24313856
DEBUG    2013-02-24 10:31:21,787 upload_handlers Data is now equals 24379392
DEBUG    2013-02-24 10:31:21,788 upload_handlers Data is now equals 24444928
DEBUG    2013-02-24 10:31:21,788 upload_handlers Data is now equals 24510464
DEBUG    2013-02-24 10:31:21,789 upload_handlers Data is now equals 24576000
DEBUG    2013-02-24 10:31:21,789 upload_handlers Data is now equals 24641536
DEBUG    2013-02-24 10:31:21,789 upload_handlers Data is now equals 24707072
DEBUG    2013-02-24 10:31:21,790 upload_handlers Data is now equals 24772608
DEBUG    2013-02-24 10:31:21,790 upload_handlers Data is now equals 24838144
DEBUG    2013-02-24 10:31:21,791 upload_handlers Data is now equals 24903680
DEBUG    2013-02-24 10:31:21,791 upload_handlers Data is now equals 24969216
DEBUG    2013-02-24 10:31:21,792 upload_handlers Data is now equals 25034752
DEBUG    2013-02-24 10:31:21,792 upload_handlers Data is now equals 25100288
DEBUG    2013-02-24 10:31:21,793 upload_handlers Data is now equals 25165824
DEBUG    2013-02-24 10:31:21,793 upload_handlers Data is now equals 25231360
DEBUG    2013-02-24 10:31:21,794 upload_handlers Data is now equals 25296896
DEBUG    2013-02-24 10:31:21,795 upload_handlers Data is now equals 25362432
DEBUG    2013-02-24 10:31:21,795 upload_handlers Data is now equals 25427968
DEBUG    2013-02-24 10:31:21,796 upload_handlers Data is now equals 25493504
DEBUG    2013-02-24 10:31:21,796 upload_handlers Data is now equals 25559040
DEBUG    2013-02-24 10:31:21,797 upload_handlers Data is now equals 25624576
DEBUG    2013-02-24 10:31:21,797 upload_handlers Data is now equals 25690112
DEBUG    2013-02-24 10:31:21,798 upload_handlers Data is now equals 25755648
DEBUG    2013-02-24 10:31:21,798 upload_handlers Data is now equals 25821184
DEBUG    2013-02-24 10:31:21,799 upload_handlers Data is now equals 25886720
DEBUG    2013-02-24 10:31:21,799 upload_handlers Data is now equals 25952256
DEBUG    2013-02-24 10:31:21,800 upload_handlers Data is now equals 26017792
DEBUG    2013-02-24 10:31:21,800 upload_handlers Data is now equals 26083328
DEBUG    2013-02-24 10:31:21,801 upload_handlers Data is now equals 26148864
DEBUG    2013-02-24 10:31:21,801 upload_handlers Data is now equals 26214400
DEBUG    2013-02-24 10:31:21,801 upload_handlers Data is now equals 26279936
DEBUG    2013-02-24 10:31:21,802 upload_handlers Data is now equals 26345472
DEBUG    2013-02-24 10:31:21,802 upload_handlers Data is now equals 26411008
DEBUG    2013-02-24 10:31:21,803 upload_handlers Data is now equals 26476544
DEBUG    2013-02-24 10:31:21,803 upload_handlers Data is now equals 26542080
DEBUG    2013-02-24 10:31:21,804 upload_handlers Data is now equals 26607616
DEBUG    2013-02-24 10:31:21,804 upload_handlers Data is now equals 26673152
DEBUG    2013-02-24 10:31:21,805 upload_handlers Data is now equals 26738688
DEBUG    2013-02-24 10:31:21,805 upload_handlers Data is now equals 26804224
DEBUG    2013-02-24 10:31:21,806 upload_handlers Data is now equals 26869760
DEBUG    2013-02-24 10:31:21,806 upload_handlers Data is now equals 26935296
DEBUG    2013-02-24 10:31:21,806 upload_handlers Data is now equals 27000832
DEBUG    2013-02-24 10:31:21,807 upload_handlers Data is now equals 27066368
DEBUG    2013-02-24 10:31:21,807 upload_handlers Data is now equals 27131904
DEBUG    2013-02-24 10:31:21,808 upload_handlers Data is now equals 27197440
DEBUG    2013-02-24 10:31:21,808 upload_handlers Data is now equals 27262976
DEBUG    2013-02-24 10:31:21,809 upload_handlers Data is now equals 27328512
DEBUG    2013-02-24 10:31:21,809 upload_handlers Data is now equals 27394048
DEBUG    2013-02-24 10:31:21,810 upload_handlers Data is now equals 27459584
DEBUG    2013-02-24 10:31:21,810 upload_handlers Data is now equals 27525120
DEBUG    2013-02-24 10:31:21,810 upload_handlers Data is now equals 27590656
DEBUG    2013-02-24 10:31:21,811 upload_handlers Data is now equals 27656192
DEBUG    2013-02-24 10:31:21,811 upload_handlers Data is now equals 27721728
DEBUG    2013-02-24 10:31:21,812 upload_handlers Data is now equals 27787264
DEBUG    2013-02-24 10:31:21,812 upload_handlers Data is now equals 27852800
DEBUG    2013-02-24 10:31:21,813 upload_handlers Data is now equals 27918336
DEBUG    2013-02-24 10:31:21,813 upload_handlers Data is now equals 27983872
DEBUG    2013-02-24 10:31:21,814 upload_handlers Data is now equals 28049408
DEBUG    2013-02-24 10:31:21,814 upload_handlers Data is now equals 28114944
DEBUG    2013-02-24 10:31:21,815 upload_handlers Data is now equals 28180480
DEBUG    2013-02-24 10:31:21,815 upload_handlers Data is now equals 28246016
DEBUG    2013-02-24 10:31:21,816 upload_handlers Data is now equals 28311552
DEBUG    2013-02-24 10:31:21,816 upload_handlers Data is now equals 28377088
DEBUG    2013-02-24 10:31:21,816 upload_handlers Data is now equals 28442624
DEBUG    2013-02-24 10:31:21,817 upload_handlers Data is now equals 28508160
DEBUG    2013-02-24 10:31:21,817 upload_handlers Data is now equals 28573696
DEBUG    2013-02-24 10:31:21,818 upload_handlers Data is now equals 28639232
DEBUG    2013-02-24 10:31:21,818 upload_handlers Data is now equals 28704768
DEBUG    2013-02-24 10:31:21,819 upload_handlers Data is now equals 28770304
DEBUG    2013-02-24 10:31:21,819 upload_handlers Data is now equals 28835840
DEBUG    2013-02-24 10:31:21,820 upload_handlers Data is now equals 28901376
DEBUG    2013-02-24 10:31:21,820 upload_handlers Data is now equals 28966912
DEBUG    2013-02-24 10:31:21,821 upload_handlers Data is now equals 29032448
DEBUG    2013-02-24 10:31:21,821 upload_handlers Data is now equals 29097984
DEBUG    2013-02-24 10:31:21,821 upload_handlers Data is now equals 29163520
DEBUG    2013-02-24 10:31:21,822 upload_handlers Data is now equals 29229056
DEBUG    2013-02-24 10:31:21,822 upload_handlers Data is now equals 29294592
DEBUG    2013-02-24 10:31:21,823 upload_handlers Data is now equals 29360128
DEBUG    2013-02-24 10:31:21,823 upload_handlers Data is now equals 29425664
DEBUG    2013-02-24 10:31:21,824 upload_handlers Data is now equals 29491200
DEBUG    2013-02-24 10:31:21,824 upload_handlers Data is now equals 29556736
DEBUG    2013-02-24 10:31:21,825 upload_handlers Data is now equals 29622272
DEBUG    2013-02-24 10:31:21,825 upload_handlers Data is now equals 29687808
DEBUG    2013-02-24 10:31:21,826 upload_handlers Data is now equals 29753344
DEBUG    2013-02-24 10:31:21,826 upload_handlers Data is now equals 29818880
DEBUG    2013-02-24 10:31:21,827 upload_handlers Data is now equals 29884416
DEBUG    2013-02-24 10:31:21,827 upload_handlers Data is now equals 29949952
DEBUG    2013-02-24 10:31:21,828 upload_handlers Data is now equals 30015488
DEBUG    2013-02-24 10:31:21,828 upload_handlers Data is now equals 30081024
DEBUG    2013-02-24 10:31:21,829 upload_handlers Data is now equals 30146560
DEBUG    2013-02-24 10:31:21,829 upload_handlers Data is now equals 30212096
DEBUG    2013-02-24 10:31:21,829 upload_handlers Data is now equals 30277632
DEBUG    2013-02-24 10:31:21,830 upload_handlers Data is now equals 30343168
DEBUG    2013-02-24 10:31:21,830 upload_handlers Data is now equals 30408704
DEBUG    2013-02-24 10:31:21,831 upload_handlers Data is now equals 30474240
DEBUG    2013-02-24 10:31:21,831 upload_handlers Data is now equals 30539776
DEBUG    2013-02-24 10:31:21,832 upload_handlers Data is now equals 30605312
DEBUG    2013-02-24 10:31:21,832 upload_handlers Data is now equals 30670848
DEBUG    2013-02-24 10:31:21,833 upload_handlers Data is now equals 30736384
DEBUG    2013-02-24 10:31:21,833 upload_handlers Data is now equals 30801920
DEBUG    2013-02-24 10:31:21,834 upload_handlers Data is now equals 30867456
DEBUG    2013-02-24 10:31:21,834 upload_handlers Data is now equals 30932992
DEBUG    2013-02-24 10:31:21,835 upload_handlers Data is now equals 30998528
DEBUG    2013-02-24 10:31:21,836 upload_handlers Data is now equals 31064064
DEBUG    2013-02-24 10:31:21,836 upload_handlers Data is now equals 31129600
DEBUG    2013-02-24 10:31:21,837 upload_handlers Data is now equals 31195136
DEBUG    2013-02-24 10:31:21,837 upload_handlers Data is now equals 31260672
DEBUG    2013-02-24 10:31:21,838 upload_handlers Data is now equals 31326208
DEBUG    2013-02-24 10:31:21,839 upload_handlers Data is now equals 31391744
DEBUG    2013-02-24 10:31:21,839 upload_handlers Data is now equals 31457280
DEBUG    2013-02-24 10:31:21,840 upload_handlers Data is now equals 31522816
DEBUG    2013-02-24 10:31:21,841 upload_handlers Data is now equals 31588352
DEBUG    2013-02-24 10:31:21,841 upload_handlers Data is now equals 31653888
DEBUG    2013-02-24 10:31:21,842 upload_handlers Data is now equals 31719424
DEBUG    2013-02-24 10:31:21,843 upload_handlers Data is now equals 31784960
DEBUG    2013-02-24 10:31:21,843 upload_handlers Data is now equals 31850496
DEBUG    2013-02-24 10:31:21,844 upload_handlers Data is now equals 31916032
DEBUG    2013-02-24 10:31:21,845 upload_handlers Data is now equals 31981568
DEBUG    2013-02-24 10:31:21,845 upload_handlers Data is now equals 32047104
DEBUG    2013-02-24 10:31:21,846 upload_handlers Data is now equals 32112640
DEBUG    2013-02-24 10:31:21,847 upload_handlers Data is now equals 32178176
DEBUG    2013-02-24 10:31:21,848 upload_handlers Data is now equals 32243712
DEBUG    2013-02-24 10:31:21,848 upload_handlers Data is now equals 32309248
DEBUG    2013-02-24 10:31:21,849 upload_handlers Data is now equals 32374784
DEBUG    2013-02-24 10:31:21,849 upload_handlers Data is now equals 32440320
DEBUG    2013-02-24 10:31:21,850 upload_handlers Data is now equals 32505856
DEBUG    2013-02-24 10:31:21,851 upload_handlers Data is now equals 32571392
DEBUG    2013-02-24 10:31:21,851 upload_handlers Data is now equals 32636928
DEBUG    2013-02-24 10:31:21,852 upload_handlers Data is now equals 32702464
DEBUG    2013-02-24 10:31:21,853 upload_handlers Data is now equals 32768000
DEBUG    2013-02-24 10:31:21,853 upload_handlers Data is now equals 32833536
DEBUG    2013-02-24 10:31:21,854 upload_handlers Data is now equals 32899072
DEBUG    2013-02-24 10:31:21,855 upload_handlers Data is now equals 32964608
DEBUG    2013-02-24 10:31:21,855 upload_handlers Data is now equals 33030144
DEBUG    2013-02-24 10:31:21,856 upload_handlers Data is now equals 33095680
DEBUG    2013-02-24 10:31:21,857 upload_handlers Data is now equals 33161216
DEBUG    2013-02-24 10:31:21,857 upload_handlers Data is now equals 33226752
DEBUG    2013-02-24 10:31:21,858 upload_handlers Data is now equals 33292288
DEBUG    2013-02-24 10:31:21,858 upload_handlers Data is now equals 33357824
DEBUG    2013-02-24 10:31:21,859 upload_handlers Data is now equals 33423360
DEBUG    2013-02-24 10:31:21,860 upload_handlers Data is now equals 33488896
DEBUG    2013-02-24 10:31:21,860 upload_handlers Data is now equals 33554432
DEBUG    2013-02-24 10:31:21,861 upload_handlers Upload complete
INFO     2013-02-24 10:31:21,863 views    Starting file  test.snap.pax.Z proccessing in upload_file for user from 188.123.248.4
INFO     2013-02-24 10:31:22,832 views    Sucsessfully handeled file  test.snap.pax.Z in upload_file
INFO     2013-02-24 10:31:24,087 views    Snap object analyzed for /home/vs/www/confcenter/confcenter/confuploads/2be71fbcd51eba2e1a07165fe981abd1_test.snap.pax.Z_AIX/ and output generated in anal_acc
INFO     2013-02-24 18:17:22,285 views    Empty upload form prepared from upload_file for user from 188.123.248.4, session id 2be71fbcd51eba2e1a07165fe981abd1
